2023-07-05 20:59:32.156 [info] Extension host with pid 840 started
2023-07-05 20:59:32.179 [info] Lock '/root/.vscode-server/data/User/workspaceStorage/439781e1aa6029e76241c957df4196f5/vscode.lock': Lock acquired.
2023-07-05 20:59:32.246 [info] ExtensionService#_doActivateExtension vscode.git-base, startup: false, activationEvent: 'onFileSystem:git', root cause: vscode.git
2023-07-05 20:59:32.247 [info] ExtensionService#_doActivateExtension vscode.emmet, startup: false, activationEvent: 'onLanguage'
2023-07-05 20:59:32.472 [info] ExtensionService#_doActivateExtension vscode.git, startup: false, activationEvent: 'onFileSystem:git'
2023-07-05 20:59:32.759 [info] ExtensionService#_doActivateExtension vscode.github, startup: true, activationEvent: '*'
2023-07-05 20:59:32.867 [warning] [Decorations] CAPPING events from decorations provider vscode.git 1417
2023-07-05 20:59:33.139 [info] Eager extensions activated
2023-07-05 20:59:33.140 [info] ExtensionService#_doActivateExtension vscode.debug-auto-launch, startup: false, activationEvent: 'onStartupFinished'
2023-07-05 20:59:33.140 [info] ExtensionService#_doActivateExtension vscode.merge-conflict, startup: false, activationEvent: 'onStartupFinished'
2023-07-05 20:59:37.305 [warning] [Decorations] CAPPING events from decorations provider vscode.git 1419
2023-07-05 20:59:42.348 [warning] [Decorations] CAPPING events from decorations provider vscode.git 1419
2023-07-05 20:59:47.388 [warning] [Decorations] CAPPING events from decorations provider vscode.git 1419
2023-07-05 20:59:52.433 [warning] [Decorations] CAPPING events from decorations provider vscode.git 1419
2023-07-05 20:59:58.784 [warning] [Decorations] CAPPING events from decorations provider vscode.git 1419
2023-07-05 21:00:02.781 [warning] [Decorations] CAPPING events from decorations provider vscode.git 1419
2023-07-05 21:00:07.124 [warning] [Decorations] CAPPING events from decorations provider vscode.git 1419
2023-07-05 21:00:12.490 [warning] [Decorations] CAPPING events from decorations provider vscode.git 1419
2023-07-05 21:00:17.528 [warning] [Decorations] CAPPING events from decorations provider vscode.git 1419
2023-07-05 21:00:19.501 [warning] [Decorations] CAPPING events from decorations provider vscode.git 1419
2023-07-05 21:00:22.565 [warning] [Decorations] CAPPING events from decorations provider vscode.git 1419
2023-07-05 21:00:27.603 [warning] [Decorations] CAPPING events from decorations provider vscode.git 1419
2023-07-05 21:00:32.641 [warning] [Decorations] CAPPING events from decorations provider vscode.git 1419
2023-07-05 21:00:37.680 [warning] [Decorations] CAPPING events from decorations provider vscode.git 1419
2023-07-05 21:00:42.718 [warning] [Decorations] CAPPING events from decorations provider vscode.git 1419
2023-07-05 21:00:47.755 [warning] [Decorations] CAPPING events from decorations provider vscode.git 1419
2023-07-05 21:00:52.797 [warning] [Decorations] CAPPING events from decorations provider vscode.git 1419
2023-07-05 21:00:57.834 [warning] [Decorations] CAPPING events from decorations provider vscode.git 1419
2023-07-05 21:01:02.876 [warning] [Decorations] CAPPING events from decorations provider vscode.git 1419
2023-07-05 21:01:07.914 [warning] [Decorations] CAPPING events from decorations provider vscode.git 1419
2023-07-05 21:01:12.956 [warning] [Decorations] CAPPING events from decorations provider vscode.git 1419
2023-07-05 21:01:16.601 [warning] [Decorations] CAPPING events from decorations provider vscode.git 1419
2023-07-05 21:01:18.003 [warning] [Decorations] CAPPING events from decorations provider vscode.git 1419
2023-07-05 21:01:23.038 [warning] [Decorations] CAPPING events from decorations provider vscode.git 1419
2023-07-05 21:01:28.080 [warning] [Decorations] CAPPING events from decorations provider vscode.git 1419
