2023-07-05 20:59:33.142 [info] Protokolliergrad: Info
2023-07-05 20:59:33.142 [info] Gefundenes Git wird überprüft in: "git"
2023-07-05 20:59:33.142 [info] Git "2.34.1" von "git" verwenden
2023-07-05 20:59:33.142 [info] > git rev-parse --show-toplevel [7ms]
2023-07-05 20:59:33.142 [info] > git rev-parse --git-dir --git-common-dir [1ms]
2023-07-05 20:59:33.142 [info] Open repository: /root
2023-07-05 20:59:33.142 [info] > git config --get commit.template [6ms]
2023-07-05 20:59:33.142 [info] > git for-each-ref --format=%(refname)%00%(upstream:short)%00%(objectname)%00%(upstream:track)%00%(upstream:remotename)%00%(upstream:remoteref) refs/heads/main refs/remotes/main [4ms]
2023-07-05 20:59:33.142 [info] > git show --textconv HEAD:Lerne-CPP/Git-Test/git-test.cpp [15ms]
2023-07-05 20:59:33.142 [info] > git show --textconv :Lerne-CPP/Git-Test/git-test.cpp [11ms]
2023-07-05 20:59:33.142 [info] > git ls-files --stage -- /root/Lerne-CPP/Git-Test/git-test.cpp [3ms]
2023-07-05 20:59:33.142 [info] > git ls-tree -l HEAD -- /root/Lerne-CPP/Git-Test/git-test.cpp [11ms]
2023-07-05 20:59:33.142 [info] > git status -z -uall [31ms]
2023-07-05 20:59:33.142 [info] > git cat-file -s 18951b182a7b288828bb8e741177d7fabbf29b9c [4ms]
2023-07-05 20:59:33.143 [info] > git ls-files --stage -- /root/Lerne-CPP/Git-Test/git-test.cpp [18ms]
2023-07-05 20:59:33.148 [info] > git ls-tree -l HEAD -- /root/Lerne-CPP/Git-Test/git-test.cpp [28ms]
2023-07-05 20:59:33.150 [info] > git cat-file -s 18951b182a7b288828bb8e741177d7fabbf29b9c [2ms]
2023-07-05 20:59:33.332 [info] > git check-ignore -v -z --stdin [1ms]
2023-07-05 20:59:37.270 [info] > git config --get commit.template [5ms]
2023-07-05 20:59:37.271 [info] > git for-each-ref --format=%(refname)%00%(upstream:short)%00%(objectname)%00%(upstream:track)%00%(upstream:remotename)%00%(upstream:remoteref) refs/heads/main refs/remotes/main [2ms]
2023-07-05 20:59:37.283 [info] > git status -z -uall [8ms]
2023-07-05 20:59:41.589 [info] > git check-ignore -v -z --stdin [1ms]
2023-07-05 20:59:42.319 [info] > git config --get commit.template [4ms]
2023-07-05 20:59:42.320 [info] > git for-each-ref --format=%(refname)%00%(upstream:short)%00%(objectname)%00%(upstream:track)%00%(upstream:remotename)%00%(upstream:remoteref) refs/heads/main refs/remotes/main [2ms]
2023-07-05 20:59:42.335 [info] > git status -z -uall [11ms]
2023-07-05 20:59:44.694 [info] > git check-ignore -v -z --stdin [1ms]
2023-07-05 20:59:47.359 [info] > git config --get commit.template [0ms]
2023-07-05 20:59:47.364 [info] > git for-each-ref --format=%(refname)%00%(upstream:short)%00%(objectname)%00%(upstream:track)%00%(upstream:remotename)%00%(upstream:remoteref) refs/heads/main refs/remotes/main [1ms]
2023-07-05 20:59:47.376 [info] > git status -z -uall [9ms]
2023-07-05 20:59:52.401 [info] > git config --get commit.template [2ms]
2023-07-05 20:59:52.408 [info] > git for-each-ref --format=%(refname)%00%(upstream:short)%00%(objectname)%00%(upstream:track)%00%(upstream:remotename)%00%(upstream:remoteref) refs/heads/main refs/remotes/main [1ms]
2023-07-05 20:59:52.423 [info] > git status -z -uall [11ms]
2023-07-05 20:59:58.742 [info] > git -c user.useConfigOnly=true commit --quiet --allow-empty-message --file - [3ms]
2023-07-05 20:59:58.742 [info] Author identity unknown

*** Please tell me who you are.

Run

  git config --global user.email "you@example.com"
  git config --global user.name "Your Name"

to set your account's default identity.
Omit --global to set the identity only in this repository.

fatal: no email was given and auto-detection is disabled
2023-07-05 20:59:58.748 [info] > git config --get-all user.name [1ms]
2023-07-05 20:59:58.755 [info] > git config --get commit.template [2ms]
2023-07-05 20:59:58.760 [info] > git for-each-ref --format=%(refname)%00%(upstream:short)%00%(objectname)%00%(upstream:track)%00%(upstream:remotename)%00%(upstream:remoteref) refs/heads/main refs/remotes/main [1ms]
2023-07-05 20:59:58.775 [info] > git status -z -uall [9ms]
2023-07-05 21:00:02.742 [info] > git ls-files --stage -- /root/Lerne-CPP/Git-Test/git-test.cpp [7ms]
2023-07-05 21:00:02.747 [info] > git ls-tree -l HEAD -- /root/Lerne-CPP/Git-Test/git-test.cpp [17ms]
2023-07-05 21:00:02.748 [info] > git cat-file -s 18951b182a7b288828bb8e741177d7fabbf29b9c [2ms]
2023-07-05 21:00:02.749 [info] > git config --get commit.template [7ms]
2023-07-05 21:00:02.754 [info] > git for-each-ref --format=%(refname)%00%(upstream:short)%00%(objectname)%00%(upstream:track)%00%(upstream:remotename)%00%(upstream:remoteref) refs/heads/main refs/remotes/main [1ms]
2023-07-05 21:00:02.768 [info] > git status -z -uall [9ms]
2023-07-05 21:00:07.072 [info] > git -c user.useConfigOnly=true commit --quiet --allow-empty-message --file - [2ms]
2023-07-05 21:00:07.073 [info] Author identity unknown

*** Please tell me who you are.

Run

  git config --global user.email "you@example.com"
  git config --global user.name "Your Name"

to set your account's default identity.
Omit --global to set the identity only in this repository.

fatal: no email was given and auto-detection is disabled
2023-07-05 21:00:07.078 [info] > git config --get-all user.name [1ms]
2023-07-05 21:00:07.096 [info] > git config --get commit.template [11ms]
2023-07-05 21:00:07.096 [info] > git for-each-ref --format=%(refname)%00%(upstream:short)%00%(objectname)%00%(upstream:track)%00%(upstream:remotename)%00%(upstream:remoteref) refs/heads/main refs/remotes/main [1ms]
2023-07-05 21:00:07.110 [info] > git status -z -uall [10ms]
2023-07-05 21:00:12.455 [info] > git ls-files --stage -- /root/Lerne-CPP/Git-Test/git-test.cpp [9ms]
2023-07-05 21:00:12.460 [info] > git ls-tree -l HEAD -- /root/Lerne-CPP/Git-Test/git-test.cpp [19ms]
2023-07-05 21:00:12.461 [info] > git cat-file -s 18951b182a7b288828bb8e741177d7fabbf29b9c [2ms]
2023-07-05 21:00:12.461 [info] > git config --get commit.template [7ms]
2023-07-05 21:00:12.466 [info] > git for-each-ref --format=%(refname)%00%(upstream:short)%00%(objectname)%00%(upstream:track)%00%(upstream:remotename)%00%(upstream:remoteref) refs/heads/main refs/remotes/main [1ms]
2023-07-05 21:00:12.478 [info] > git status -z -uall [8ms]
2023-07-05 21:00:17.505 [info] > git config --get commit.template [6ms]
2023-07-05 21:00:17.506 [info] > git for-each-ref --format=%(refname)%00%(upstream:short)%00%(objectname)%00%(upstream:track)%00%(upstream:remotename)%00%(upstream:remoteref) refs/heads/main refs/remotes/main [1ms]
2023-07-05 21:00:17.517 [info] > git status -z -uall [7ms]
2023-07-05 21:00:19.465 [info] > git -c user.useConfigOnly=true commit --quiet --allow-empty-message --file - [2ms]
2023-07-05 21:00:19.465 [info] Author identity unknown

*** Please tell me who you are.

Run

  git config --global user.email "you@example.com"
  git config --global user.name "Your Name"

to set your account's default identity.
Omit --global to set the identity only in this repository.

fatal: no email was given and auto-detection is disabled
2023-07-05 21:00:19.469 [info] > git config --get-all user.name [0ms]
2023-07-05 21:00:19.479 [info] > git config --get commit.template [5ms]
2023-07-05 21:00:19.479 [info] > git for-each-ref --format=%(refname)%00%(upstream:short)%00%(objectname)%00%(upstream:track)%00%(upstream:remotename)%00%(upstream:remoteref) refs/heads/main refs/remotes/main [1ms]
2023-07-05 21:00:19.492 [info] > git status -z -uall [9ms]
2023-07-05 21:00:20.975 [info] > git ls-tree -l HEAD -- /root/Lerne-CPP/Git-Test/git-test.cpp [8ms]
2023-07-05 21:00:20.977 [info] > git ls-files --stage -- /root/Lerne-CPP/Git-Test/git-test.cpp [3ms]
2023-07-05 21:00:20.983 [info] > git cat-file -s 18951b182a7b288828bb8e741177d7fabbf29b9c [2ms]
2023-07-05 21:00:22.543 [info] > git config --get commit.template [6ms]
2023-07-05 21:00:22.543 [info] > git for-each-ref --format=%(refname)%00%(upstream:short)%00%(objectname)%00%(upstream:track)%00%(upstream:remotename)%00%(upstream:remoteref) refs/heads/main refs/remotes/main [1ms]
2023-07-05 21:00:22.554 [info] > git status -z -uall [8ms]
2023-07-05 21:00:27.575 [info] > git config --get commit.template [0ms]
2023-07-05 21:00:27.581 [info] > git for-each-ref --format=%(refname)%00%(upstream:short)%00%(objectname)%00%(upstream:track)%00%(upstream:remotename)%00%(upstream:remoteref) refs/heads/main refs/remotes/main [1ms]
2023-07-05 21:00:27.594 [info] > git status -z -uall [9ms]
2023-07-05 21:00:32.618 [info] > git config --get commit.template [5ms]
2023-07-05 21:00:32.619 [info] > git for-each-ref --format=%(refname)%00%(upstream:short)%00%(objectname)%00%(upstream:track)%00%(upstream:remotename)%00%(upstream:remoteref) refs/heads/main refs/remotes/main [1ms]
2023-07-05 21:00:32.631 [info] > git status -z -uall [8ms]
2023-07-05 21:00:37.658 [info] > git config --get commit.template [5ms]
2023-07-05 21:00:37.658 [info] > git for-each-ref --format=%(refname)%00%(upstream:short)%00%(objectname)%00%(upstream:track)%00%(upstream:remotename)%00%(upstream:remoteref) refs/heads/main refs/remotes/main [1ms]
2023-07-05 21:00:37.669 [info] > git status -z -uall [8ms]
2023-07-05 21:00:42.691 [info] > git config --get commit.template [1ms]
2023-07-05 21:00:42.696 [info] > git for-each-ref --format=%(refname)%00%(upstream:short)%00%(objectname)%00%(upstream:track)%00%(upstream:remotename)%00%(upstream:remoteref) refs/heads/main refs/remotes/main [1ms]
2023-07-05 21:00:42.708 [info] > git status -z -uall [7ms]
2023-07-05 21:00:47.732 [info] > git config --get commit.template [5ms]
2023-07-05 21:00:47.733 [info] > git for-each-ref --format=%(refname)%00%(upstream:short)%00%(objectname)%00%(upstream:track)%00%(upstream:remotename)%00%(upstream:remoteref) refs/heads/main refs/remotes/main [1ms]
2023-07-05 21:00:47.744 [info] > git status -z -uall [7ms]
2023-07-05 21:00:52.769 [info] > git config --get commit.template [5ms]
2023-07-05 21:00:52.770 [info] > git for-each-ref --format=%(refname)%00%(upstream:short)%00%(objectname)%00%(upstream:track)%00%(upstream:remotename)%00%(upstream:remoteref) refs/heads/main refs/remotes/main [1ms]
2023-07-05 21:00:52.784 [info] > git status -z -uall [10ms]
2023-07-05 21:00:57.812 [info] > git config --get commit.template [5ms]
2023-07-05 21:00:57.812 [info] > git for-each-ref --format=%(refname)%00%(upstream:short)%00%(objectname)%00%(upstream:track)%00%(upstream:remotename)%00%(upstream:remoteref) refs/heads/main refs/remotes/main [1ms]
2023-07-05 21:00:57.825 [info] > git status -z -uall [9ms]
2023-07-05 21:01:02.843 [info] > git config --get commit.template [1ms]
2023-07-05 21:01:02.849 [info] > git for-each-ref --format=%(refname)%00%(upstream:short)%00%(objectname)%00%(upstream:track)%00%(upstream:remotename)%00%(upstream:remoteref) refs/heads/main refs/remotes/main [0ms]
2023-07-05 21:01:02.863 [info] > git status -z -uall [9ms]
2023-07-05 21:01:07.891 [info] > git config --get commit.template [5ms]
2023-07-05 21:01:07.892 [info] > git for-each-ref --format=%(refname)%00%(upstream:short)%00%(objectname)%00%(upstream:track)%00%(upstream:remotename)%00%(upstream:remoteref) refs/heads/main refs/remotes/main [3ms]
2023-07-05 21:01:07.904 [info] > git status -z -uall [8ms]
2023-07-05 21:01:12.928 [info] > git config --get commit.template [4ms]
2023-07-05 21:01:12.930 [info] > git for-each-ref --format=%(refname)%00%(upstream:short)%00%(objectname)%00%(upstream:track)%00%(upstream:remotename)%00%(upstream:remoteref) refs/heads/main refs/remotes/main [2ms]
2023-07-05 21:01:12.944 [info] > git status -z -uall [10ms]
2023-07-05 21:01:13.945 [info] > git ls-tree -l HEAD -- /root/Lerne-CPP/Git-Test/git-test.cpp [7ms]
2023-07-05 21:01:13.947 [info] > git ls-files --stage -- /root/Lerne-CPP/Git-Test/git-test.cpp [2ms]
2023-07-05 21:01:13.953 [info] > git cat-file -s 18951b182a7b288828bb8e741177d7fabbf29b9c [2ms]
2023-07-05 21:01:15.505 [info] > git ls-tree -l HEAD -- /root/Lerne-CPP/Git-Test/git-test.cpp [5ms]
2023-07-05 21:01:15.505 [info] > git ls-files --stage -- /root/Lerne-CPP/Git-Test/git-test.cpp [1ms]
2023-07-05 21:01:15.510 [info] > git cat-file -s 18951b182a7b288828bb8e741177d7fabbf29b9c [1ms]
2023-07-05 21:01:16.560 [info] > git branch [3ms]
2023-07-05 21:01:16.566 [info] > git reset -q HEAD -- /root/Lerne-CPP/Git-Test/git-test.cpp /root/Lerne-CPP/Git-Test/readme.md [2ms]
2023-07-05 21:01:16.577 [info] > git config --get commit.template [4ms]
2023-07-05 21:01:16.578 [info] > git for-each-ref --format=%(refname)%00%(upstream:short)%00%(objectname)%00%(upstream:track)%00%(upstream:remotename)%00%(upstream:remoteref) refs/heads/main refs/remotes/main [1ms]
2023-07-05 21:01:16.590 [info] > git status -z -uall [8ms]
2023-07-05 21:01:17.951 [info] > git ls-tree -l HEAD -- /root/Lerne-CPP/Git-Test/git-test.cpp [4ms]
2023-07-05 21:01:17.952 [info] > git ls-files --stage -- /root/Lerne-CPP/Git-Test/git-test.cpp [2ms]
2023-07-05 21:01:17.975 [info] > git show --textconv HEAD:Lerne-CPP/Git-Test/git-test.cpp [6ms]
2023-07-05 21:01:17.975 [info] > git show --textconv :Lerne-CPP/Git-Test/git-test.cpp [1ms]
2023-07-05 21:01:17.976 [info] > git config --get commit.template [12ms]
2023-07-05 21:01:17.982 [info] > git for-each-ref --format=%(refname)%00%(upstream:short)%00%(objectname)%00%(upstream:track)%00%(upstream:remotename)%00%(upstream:remoteref) refs/heads/main refs/remotes/main [2ms]
2023-07-05 21:01:17.993 [info] > git status -z -uall [7ms]
2023-07-05 21:01:18.757 [info] > git check-ignore -v -z --stdin [1ms]
2023-07-05 21:01:22.457 [info] > git check-ignore -v -z --stdin [0ms]
2023-07-05 21:01:23.016 [info] > git config --get commit.template [5ms]
2023-07-05 21:01:23.016 [info] > git for-each-ref --format=%(refname)%00%(upstream:short)%00%(objectname)%00%(upstream:track)%00%(upstream:remotename)%00%(upstream:remoteref) refs/heads/main refs/remotes/main [1ms]
2023-07-05 21:01:23.027 [info] > git status -z -uall [7ms]
2023-07-05 21:01:28.050 [info] > git config --get commit.template [2ms]
2023-07-05 21:01:28.055 [info] > git for-each-ref --format=%(refname)%00%(upstream:short)%00%(objectname)%00%(upstream:track)%00%(upstream:remotename)%00%(upstream:remoteref) refs/heads/main refs/remotes/main [1ms]
2023-07-05 21:01:28.070 [info] > git status -z -uall [10ms]
